[2021-07-18 00:37:32,116] INFO: 群聊 成功 549883020 499217553 创建国服公会
[2021-07-18 00:40:21,473] INFO: 群聊 成功 1169647108 499217553 加入工会
[2021-07-18 00:40:41,702] INFO: 群聊 成功 512563260 499217553 加入公会
[2021-07-18 00:41:07,964] INFO: 群聊 成功 549883020 499217553 加入公会
[2021-07-18 00:41:35,167] INFO: 群聊 成功 549883020 499217553 申请出刀
[2021-07-18 00:41:38,577] INFO: 群聊 成功 549883020 499217553 解锁
[2021-07-18 00:41:42,826] INFO: 群聊 成功 549883020 499217553 报刀100
[2021-07-18 00:41:48,536] INFO: 群聊 成功 549883020 499217553 挂树
[2021-07-18 00:41:51,662] INFO: 群聊 成功 512563260 499217553 预约1
[2021-07-18 00:41:52,082] INFO: 群聊 成功 549883020 499217553 尾刀
[2021-07-18 00:41:56,086] INFO: 群聊 成功 549883020 499217553 预约3
[2021-07-18 00:41:58,789] INFO: 群聊 成功 549883020 499217553 尾刀
[2021-07-18 00:42:00,618] INFO: 群聊 成功 1061301935 499217553 撤销
[2021-07-18 00:42:16,786] INFO: 群聊 成功 549883020 499217553 撤销
[2021-07-18 00:42:18,362] INFO: 群聊 成功 549883020 499217553 撤销
[2021-07-18 00:43:39,456] INFO: 群聊 成功 549883020 499217553 预约2
[2021-07-18 00:44:04,770] INFO: 网页 成功 549883020 499217553 addrecord
[2021-07-18 00:44:34,598] INFO: 网页 成功 549883020 499217553 addsubscribe
[2021-07-18 00:44:35,975] INFO: 网页 成功 549883020 499217553 cancelsubscribe
[2021-07-18 00:44:38,765] INFO: 网页 成功 549883020 499217553 apply
[2021-07-18 00:44:43,232] INFO: 网页 成功 549883020 499217553 cancelapply
[2021-07-18 00:44:55,024] INFO: 网页 成功 549883020 499217553 addrecord
[2021-07-18 00:45:02,669] INFO: 网页 成功 549883020 499217553 undo
[2021-07-18 03:43:26,285] INFO: 群聊 成功 549883020 499217553 撤销
[2021-07-18 03:44:02,146] INFO: 群聊 成功 512563260 499217553 申请出刀
[2021-07-18 07:55:04,466] INFO: 群聊 成功 1061301935 499217553 加入公会
[2021-07-18 07:55:18,739] INFO: 网页 成功 1061301935 499217553 put_setting
[2021-07-18 09:15:40,423] INFO: 网页 成功 549883020 499217553 get_data_slot_record_count
[2021-07-18 09:16:03,474] INFO: 网页 成功 549883020 499217553 cancelapply
[2021-07-18 09:43:47,461] INFO: 群聊 成功 1185398982 499217553 加入工会
[2021-07-18 16:41:57,958] INFO: 群聊 成功 549883020 499217553 挂树
[2021-07-18 16:42:04,703] INFO: 群聊 成功 549883020 499217553 取消挂树
